<?xml version="1.0" encoding="UTF-8"?>
<!-- Generated by org.testng.reporters.JUnitReportReporter -->
<testsuite hostname="LAPTOP-K8PVREI3" failures="0" tests="10" name="com.trello.testingbytestng.KGF" time="0.047" errors="0" timestamp="2022-11-05T10:48:50 IST" skipped="0">
  <testcase classname="com.trello.testingbytestng.KGF" name="adheeraTest" time="0.016"/>
  <system-out/>
  <testcase classname="com.trello.testingbytestng.KGF" name="garudaTest" time="0.000"/>
  <system-out/>
  <testcase classname="com.trello.testingbytestng.KGF" name="suryavardhanTest" time="0.000"/>
  <system-out/>
  <testcase classname="com.trello.testingbytestng.KGF" name="ramikaSenTest" time="0.000"/>
  <system-out/>
  <testcase classname="com.trello.testingbytestng.KGF" name="rajendraDesaiTest" time="0.000"/>
  <system-out/>
  <testcase classname="com.trello.testingbytestng.KGF" name="rockyTest" time="0.000"/>
  <system-out/>
  <testcase classname="com.trello.testingbytestng.KGF" name="rockyTest" time="0.016"/>
  <system-out/>
  <testcase classname="com.trello.testingbytestng.KGF" name="rockyTest" time="0.015"/>
  <system-out/>
  <testcase classname="com.trello.testingbytestng.KGF" name="vanaramTest" time="0.000"/>
  <system-out/>
  <testcase classname="com.trello.testingbytestng.KGF" name="mumbaiShettyTest" time="0.000"/>
  <system-out/>
</testsuite> <!-- com.trello.testingbytestng.KGF -->
