<?xml version="1.0" encoding="UTF-8"?>
<!-- Generated by org.testng.reporters.JUnitReportReporter -->
<testsuite hostname="LAPTOP-K8PVREI3" failures="0" tests="1" name="com.trello.testingbytestng.ActiTimeTestNG" time="32.664" errors="0" timestamp="2022-11-05T10:48:50 IST" skipped="0">
  <testcase classname="com.trello.testingbytestng.ActiTimeTestNG" name="testScript" time="32.664"/>
  <system-out/>
</testsuite> <!-- com.trello.testingbytestng.ActiTimeTestNG -->
